<?xml version="1.0" encoding="UTF-8"?>
<testsuite xmlns:xsi="http://www.w3.org/2001/XMLSchema-instance" xsi:noNamespaceSchemaLocation="https://maven.apache.org/surefire/maven-surefire-plugin/xsd/surefire-test-report.xsd" version="3.0.2" name="com.safarsathi.backendapi.util.GeoFenceUtilTest" time="0.009" tests="3" errors="0" skipped="0" failures="0">
  <properties>
[...]
</properties>
  <testcase name="isPointWithinRadiusReturnsFalseOutsideCircle" classname="com.safarsathi.backendapi.util.GeoFenceUtilTest" time="0.002"/>
  <testcase name="isPointWithinRadiusReturnsTrueInsideCircle" classname="com.safarsathi.backendapi.util.GeoFenceUtilTest" time="0.001"/>
  <testcase name="haversineMetersCalculatesKnownDistance" classname="com.safarsathi.backendapi.util.GeoFenceUtilTest" time="0.003"/>
</testsuite>